<?xml version="1.0" encoding="UTF-8"?>
<testsuite xmlns:xsi="http://www.w3.org/2001/XMLSchema-instance" xsi:noNamespaceSchemaLocation="https://maven.apache.org/surefire/maven-surefire-plugin/xsd/surefire-test-report-3.0.xsd" version="3.0" name="com.workshop3_pre.workshop3_pre.Workshop3PreApplicationTests" time="1.79" tests="1" errors="0" skipped="0" failures="0">
  <properties>
[...]
</properties>
  <testcase name="contextLoads" classname="com.workshop3_pre.workshop3_pre.Workshop3PreApplicationTests" time="0.576">
    <system-out><![CDATA[13:55:18.696 [main] INFO org.springframework.test.context.support.AnnotationConfigContextLoaderUtils -- Could not detect default configuration classes for test class [com.workshop3_pre.workshop3_pre.Workshop3PreApplicationTests]: Workshop3PreApplicationTests does not declare any static, non-private, non-final, nested classes annotated with @Configuration.
13:55:18.761 [main] INFO org.springframework.boot.test.context.SpringBootTestContextBootstrapper -- Found @SpringBootConfiguration com.workshop3_pre.workshop3_pre.Workshop3PreApplication for test class com.workshop3_pre.workshop3_pre.Workshop3PreApplicationTests
13:55:18.844 [main] INFO org.springframework.boot.devtools.restart.RestartApplicationListener -- Restart disabled due to context in which it is running

  .   ____          _            __ _ _
 /\\ / ___'_ __ _ _(_)_ __  __ _ \ \ \ \
( ( )\___ | '_ | '_| | '_ \/ _` | \ \ \ \
 \\/  ___)| |_)| | | | | || (_| |  ) ) ) )
  '  |____| .__|_| |_|_| |_\__, | / / / /
 =========|_|==============|___/=/_/_/_/

 :: Spring Boot ::                (v3.3.5)

2024-11-24T13:55:18.976+08:00  INFO 33618 --- [workshop3_pre] [           main] c.w.w.Workshop3PreApplicationTests       : Starting Workshop3PreApplicationTests using Java 23 with PID 33618 (started by jonathansuherman in /Users/jonathansuherman/Documents/VTTP/Self_Revision/Springboot_self/workshop3_pre-352c3d50fa26dd89919793f83cdcf005a2620200)
2024-11-24T13:55:18.977+08:00  INFO 33618 --- [workshop3_pre] [           main] c.w.w.Workshop3PreApplicationTests       : No active profile set, falling back to 1 default profile: "default"
2024-11-24T13:55:19.609+08:00  INFO 33618 --- [workshop3_pre] [           main] o.s.b.a.w.s.WelcomePageHandlerMapping    : Adding welcome page template: index
2024-11-24T13:55:19.790+08:00  INFO 33618 --- [workshop3_pre] [           main] c.w.w.Workshop3PreApplicationTests       : Started Workshop3PreApplicationTests in 0.952 seconds (process running for 1.619)
]]></system-out>
    <system-err><![CDATA[WARNING: A Java agent has been loaded dynamically (/Users/jonathansuherman/.m2/repository/net/bytebuddy/byte-buddy-agent/1.14.19/byte-buddy-agent-1.14.19.jar)
WARNING: If a serviceability tool is in use, please run with -XX:+EnableDynamicAgentLoading to hide this warning
WARNING: If a serviceability tool is not in use, please run with -Djdk.instrument.traceUsage for more information
WARNING: Dynamic loading of agents will be disallowed by default in a future release
]]></system-err>
  </testcase>
</testsuite>